2025-06-06 07:21:21,149 - === M-Detector Processing Run Started ===
2025-06-06 07:21:21,149 - Loading BASE config from: /home/drugge/Unsupervised-Moving-Point-Detection/m_detector_python/config/m_detector_config.yaml
2025-06-06 07:21:21,876 - Preparing 2 tuning configurations...
2025-06-06 07:21:21,878 -   Preparing tuning [1/2]: ref_mccFwdDmin0p1
2025-06-06 07:21:21,896 -   Preparing tuning [2/2]: Occ_BaseEps_0p07
2025-06-06 07:21:21,915 - Total processing tasks to run: 10
2025-06-06 07:21:21,915 - Using up to 10 parallel processes.
2025-06-06 07:29:51,279 - Successfully saved HDF5 (21 frames) for Scene 'scene-0103' (idx 1), Config: config_tuned_ref_mccFwdDmin0p1.yaml to /home/drugge/Unsupervised-Moving-Point-Detection/m_detector_python/output/test06_06_25/ref_mccFwdDmin0p1/mdet_results_scene-0103.h5
2025-06-06 07:29:52,632 - Successfully saved HDF5 (21 frames) for Scene 'scene-0103' (idx 1), Config: config_tuned_Occ_BaseEps_0p07.yaml to /home/drugge/Unsupervised-Moving-Point-Detection/m_detector_python/output/test06_06_25/Occ_BaseEps_0p07/mdet_results_scene-0103.h5
2025-06-06 07:32:07,922 - Successfully saved HDF5 (21 frames) for Scene 'scene-0553' (idx 2), Config: config_tuned_ref_mccFwdDmin0p1.yaml to /home/drugge/Unsupervised-Moving-Point-Detection/m_detector_python/output/test06_06_25/ref_mccFwdDmin0p1/mdet_results_scene-0553.h5
2025-06-06 07:32:12,290 - Successfully saved HDF5 (21 frames) for Scene 'scene-0553' (idx 2), Config: config_tuned_Occ_BaseEps_0p07.yaml to /home/drugge/Unsupervised-Moving-Point-Detection/m_detector_python/output/test06_06_25/Occ_BaseEps_0p07/mdet_results_scene-0553.h5
2025-06-06 07:32:53,756 - Successfully saved HDF5 (21 frames) for Scene 'scene-0655' (idx 3), Config: config_tuned_ref_mccFwdDmin0p1.yaml to /home/drugge/Unsupervised-Moving-Point-Detection/m_detector_python/output/test06_06_25/ref_mccFwdDmin0p1/mdet_results_scene-0655.h5
2025-06-06 07:33:06,956 - Successfully saved HDF5 (21 frames) for Scene 'scene-0655' (idx 3), Config: config_tuned_Occ_BaseEps_0p07.yaml to /home/drugge/Unsupervised-Moving-Point-Detection/m_detector_python/output/test06_06_25/Occ_BaseEps_0p07/mdet_results_scene-0655.h5
2025-06-06 07:33:10,184 - Successfully saved HDF5 (21 frames) for Scene 'scene-0757' (idx 4), Config: config_tuned_ref_mccFwdDmin0p1.yaml to /home/drugge/Unsupervised-Moving-Point-Detection/m_detector_python/output/test06_06_25/ref_mccFwdDmin0p1/mdet_results_scene-0757.h5
2025-06-06 07:33:37,249 - Successfully saved HDF5 (21 frames) for Scene 'scene-0757' (idx 4), Config: config_tuned_Occ_BaseEps_0p07.yaml to /home/drugge/Unsupervised-Moving-Point-Detection/m_detector_python/output/test06_06_25/Occ_BaseEps_0p07/mdet_results_scene-0757.h5
2025-06-06 07:34:20,657 - Successfully saved HDF5 (21 frames) for Scene 'scene-0796' (idx 5), Config: config_tuned_Occ_BaseEps_0p07.yaml to /home/drugge/Unsupervised-Moving-Point-Detection/m_detector_python/output/test06_06_25/Occ_BaseEps_0p07/mdet_results_scene-0796.h5
2025-06-06 07:34:22,585 - Successfully saved HDF5 (21 frames) for Scene 'scene-0796' (idx 5), Config: config_tuned_ref_mccFwdDmin0p1.yaml to /home/drugge/Unsupervised-Moving-Point-Detection/m_detector_python/output/test06_06_25/ref_mccFwdDmin0p1/mdet_results_scene-0796.h5
2025-06-06 07:34:22,586 - Task processing progress: 10/10 tasks processed (saved/failed).
2025-06-06 07:34:23,208 - All worker processes and incremental saving finished.
2025-06-06 07:34:23,208 - === M-Detector Processing Run Finished ===
2025-06-06 07:34:23,209 - Total duration: 782.06 seconds (0.22 hours).
2025-06-06 07:34:23,209 - Total successful scene-tuning instances saved: 10.
