2025-06-16 09:00:13,756 - PID:3503475 - INFO - SceneProcessorActor 3 (PID: 3503475) initialized on device: cuda:0
2025-06-16 09:00:13,757 - PID:3503472 - INFO - SceneProcessorActor 4 (PID: 3503472) initialized on device: cuda:0
2025-06-16 09:00:13,771 - PID:3503476 - INFO - SceneProcessorActor 1 (PID: 3503476) initialized on device: cuda:0
2025-06-16 09:00:13,791 - PID:3503477 - INFO - SceneProcessorActor 0 (PID: 3503477) initialized on device: cuda:0
2025-06-16 09:00:13,839 - PID:3503475 - WARNING - PROFILING WORKER 3. Saving to /home/drugge/Unsupervised-Moving-Point-Detection/m_detector_python/logs/worker_profile_3.prof
2025-06-16 09:00:13,839 - PID:3503472 - WARNING - PROFILING WORKER 4. Saving to /home/drugge/Unsupervised-Moving-Point-Detection/m_detector_python/logs/worker_profile_4.prof
2025-06-16 09:00:13,839 - PID:3503475 - INFO - Starting task: Scene 2, Tuning 'Occ_BaseEps_0p07...'
2025-06-16 09:00:13,840 - PID:3503472 - INFO - Starting task: Scene 1, Tuning 'Occ_BaseEps_0p13...'
2025-06-16 09:00:13,840 - PID:3503476 - WARNING - PROFILING WORKER 1. Saving to /home/drugge/Unsupervised-Moving-Point-Detection/m_detector_python/logs/worker_profile_1.prof
2025-06-16 09:00:13,840 - PID:3503477 - WARNING - PROFILING WORKER 0. Saving to /home/drugge/Unsupervised-Moving-Point-Detection/m_detector_python/logs/worker_profile_0.prof
2025-06-16 09:00:13,840 - PID:3503476 - INFO - Starting task: Scene 2, Tuning 'ref_mccFwdDmin0p1...'
2025-06-16 09:00:13,840 - PID:3503477 - INFO - Starting task: Scene 1, Tuning 'ref_mccFwdDmin0p1...'
2025-06-16 09:00:13,879 - PID:3503471 - INFO - SceneProcessorActor 2 (PID: 3503471) initialized on device: cuda:0
2025-06-16 09:00:13,890 - PID:3503471 - INFO - Starting task: Scene 1, Tuning 'Occ_BaseEps_0p07...'
2025-06-16 09:00:30,166 - PID:3503475 - INFO - Finished task: Scene 2, Tuning 'Occ_BaseEps_0p07...'
2025-06-16 09:00:30,171 - PID:3503475 - WARNING - Worker profiling complete. Stats saved.
2025-06-16 09:00:30,176 - PID:3503475 - INFO - Starting task: Scene 1, Tuning 'AdapOcc_dthr3p0_kthr0p005_dmax...'
2025-06-16 09:00:30,324 - PID:3503476 - INFO - Finished task: Scene 2, Tuning 'ref_mccFwdDmin0p1...'
2025-06-16 09:00:30,329 - PID:3503476 - WARNING - Worker profiling complete. Stats saved.
2025-06-16 09:00:30,335 - PID:3503476 - INFO - Starting task: Scene 1, Tuning 'AdapOcc_dthr3p0_kthr0p005_dmax...'
2025-06-16 09:00:30,335 - PID:3503472 - INFO - Finished task: Scene 1, Tuning 'Occ_BaseEps_0p13...'
2025-06-16 09:00:30,340 - PID:3503472 - WARNING - Worker profiling complete. Stats saved.
2025-06-16 09:00:30,344 - PID:3503472 - INFO - Starting task: Scene 2, Tuning 'AdapOcc_dthr3p0_kthr0p005_dmax...'
2025-06-16 09:00:30,416 - PID:3503471 - INFO - Finished task: Scene 1, Tuning 'Occ_BaseEps_0p07...'
2025-06-16 09:00:30,421 - PID:3503471 - INFO - Starting task: Scene 2, Tuning 'AdapOcc_dthr3p0_kthr0p005_dmax...'
2025-06-16 09:00:30,453 - PID:3503477 - INFO - Finished task: Scene 1, Tuning 'ref_mccFwdDmin0p1...'
2025-06-16 09:00:30,459 - PID:3503477 - WARNING - Worker profiling complete. Stats saved.
2025-06-16 09:00:30,464 - PID:3503477 - INFO - Starting task: Scene 2, Tuning 'Occ_BaseEps_0p13...'
2025-06-16 09:00:42,256 - PID:3503475 - INFO - Finished task: Scene 1, Tuning 'AdapOcc_dthr3p0_kthr0p005_dmax...'
2025-06-16 09:00:42,650 - PID:3503476 - INFO - Finished task: Scene 1, Tuning 'AdapOcc_dthr3p0_kthr0p005_dmax...'
2025-06-16 09:00:42,810 - PID:3503472 - INFO - Finished task: Scene 2, Tuning 'AdapOcc_dthr3p0_kthr0p005_dmax...'
2025-06-16 09:00:43,054 - PID:3503471 - INFO - Finished task: Scene 2, Tuning 'AdapOcc_dthr3p0_kthr0p005_dmax...'
2025-06-16 09:00:43,167 - PID:3503477 - INFO - Finished task: Scene 2, Tuning 'Occ_BaseEps_0p13...'
2025-06-16 09:01:34,831 - PID:3511657 - INFO - SceneProcessorActor 0 (PID: 3511657) initialized on device: cuda:0
2025-06-16 09:01:34,912 - PID:3511657 - WARNING - PROFILING WORKER 0. Saving to /home/drugge/Unsupervised-Moving-Point-Detection/m_detector_python/logs/worker_profile_0.prof
2025-06-16 09:01:34,912 - PID:3511657 - INFO - Starting task: Scene 1, Tuning 'ref_mccFwdDmin0p1...'
2025-06-16 09:01:34,936 - PID:3511664 - INFO - SceneProcessorActor 3 (PID: 3511664) initialized on device: cuda:0
2025-06-16 09:01:34,946 - PID:3511661 - INFO - SceneProcessorActor 1 (PID: 3511661) initialized on device: cuda:0
2025-06-16 09:01:34,947 - PID:3511664 - INFO - Starting task: Scene 2, Tuning 'Occ_BaseEps_0p07...'
2025-06-16 09:01:34,955 - PID:3511661 - INFO - Starting task: Scene 2, Tuning 'ref_mccFwdDmin0p1...'
2025-06-16 09:01:35,039 - PID:3511660 - INFO - SceneProcessorActor 4 (PID: 3511660) initialized on device: cuda:0
2025-06-16 09:01:35,049 - PID:3511660 - INFO - Starting task: Scene 1, Tuning 'Occ_BaseEps_0p13...'
2025-06-16 09:01:35,203 - PID:3511662 - INFO - SceneProcessorActor 2 (PID: 3511662) initialized on device: cuda:0
2025-06-16 09:01:35,215 - PID:3511662 - INFO - Starting task: Scene 1, Tuning 'Occ_BaseEps_0p07...'
2025-06-16 09:01:50,804 - PID:3511657 - INFO - Finished task: Scene 1, Tuning 'ref_mccFwdDmin0p1...'
2025-06-16 09:01:50,808 - PID:3511657 - WARNING - Worker profiling complete. Stats saved.
2025-06-16 09:01:50,813 - PID:3511657 - INFO - Starting task: Scene 2, Tuning 'Occ_BaseEps_0p13...'
2025-06-16 09:01:50,915 - PID:3511662 - INFO - Finished task: Scene 1, Tuning 'Occ_BaseEps_0p07...'
2025-06-16 09:01:50,920 - PID:3511662 - INFO - Starting task: Scene 2, Tuning 'AdapOcc_dthr3p0_kthr0p005_dmax...'
2025-06-16 09:01:51,070 - PID:3511661 - INFO - Finished task: Scene 2, Tuning 'ref_mccFwdDmin0p1...'
2025-06-16 09:01:51,076 - PID:3511661 - INFO - Starting task: Scene 1, Tuning 'AdapOcc_dthr3p0_kthr0p005_dmax...'
2025-06-16 09:01:51,589 - PID:3511664 - INFO - Finished task: Scene 2, Tuning 'Occ_BaseEps_0p07...'
2025-06-16 09:01:51,594 - PID:3511664 - INFO - Starting task: Scene 1, Tuning 'AdapOcc_dthr3p0_kthr0p005_dmax...'
2025-06-16 09:01:51,911 - PID:3511660 - INFO - Finished task: Scene 1, Tuning 'Occ_BaseEps_0p13...'
2025-06-16 09:01:51,918 - PID:3511660 - INFO - Starting task: Scene 2, Tuning 'AdapOcc_dthr3p0_kthr0p005_dmax...'
2025-06-16 09:02:02,991 - PID:3511657 - INFO - Finished task: Scene 2, Tuning 'Occ_BaseEps_0p13...'
2025-06-16 09:02:03,375 - PID:3511661 - INFO - Finished task: Scene 1, Tuning 'AdapOcc_dthr3p0_kthr0p005_dmax...'
2025-06-16 09:02:03,890 - PID:3511662 - INFO - Finished task: Scene 2, Tuning 'AdapOcc_dthr3p0_kthr0p005_dmax...'
2025-06-16 09:02:03,908 - PID:3511664 - INFO - Finished task: Scene 1, Tuning 'AdapOcc_dthr3p0_kthr0p005_dmax...'
2025-06-16 09:02:04,005 - PID:3511660 - INFO - Finished task: Scene 2, Tuning 'AdapOcc_dthr3p0_kthr0p005_dmax...'
2025-06-16 10:49:37,581 - PID:3555033 - INFO - SceneProcessorActor 3 (PID: 3555033) initialized on device: cuda:0
2025-06-16 10:49:37,604 - PID:3555031 - INFO - SceneProcessorActor 4 (PID: 3555031) initialized on device: cuda:0
2025-06-16 10:49:37,657 - PID:3555030 - INFO - SceneProcessorActor 0 (PID: 3555030) initialized on device: cuda:0
2025-06-16 10:49:37,658 - PID:3555033 - WARNING - PROFILING WORKER 3. Saving to /home/drugge/Unsupervised-Moving-Point-Detection/m_detector_python/logs/worker_profile_3.prof
2025-06-16 10:49:37,659 - PID:3555031 - WARNING - PROFILING WORKER 4. Saving to /home/drugge/Unsupervised-Moving-Point-Detection/m_detector_python/logs/worker_profile_4.prof
2025-06-16 10:49:37,686 - PID:3555030 - INFO - Starting task: Scene 1, Tuning 'ref_mccFwdDmin0p1...'
2025-06-16 10:49:37,687 - PID:3555032 - INFO - SceneProcessorActor 2 (PID: 3555032) initialized on device: cuda:0
2025-06-16 10:49:37,696 - PID:3555031 - INFO - Starting task: Scene 1, Tuning 'Occ_BaseEps_0p13...'
2025-06-16 10:49:37,697 - PID:3555033 - INFO - Starting task: Scene 2, Tuning 'Occ_BaseEps_0p07...'
2025-06-16 10:49:37,707 - PID:3555027 - INFO - SceneProcessorActor 1 (PID: 3555027) initialized on device: cuda:0
2025-06-16 10:49:37,716 - PID:3555032 - INFO - Starting task: Scene 1, Tuning 'Occ_BaseEps_0p07...'
2025-06-16 10:49:37,736 - PID:3555027 - INFO - Starting task: Scene 2, Tuning 'ref_mccFwdDmin0p1...'
2025-06-16 10:49:53,398 - PID:3555032 - INFO - Finished task: Scene 1, Tuning 'Occ_BaseEps_0p07...'
2025-06-16 10:49:53,427 - PID:3555032 - INFO - Starting task: Scene 2, Tuning 'AdapOcc_dthr3p0_kthr0p005_dmax...'
2025-06-16 10:49:53,548 - PID:3555030 - INFO - Finished task: Scene 1, Tuning 'ref_mccFwdDmin0p1...'
2025-06-16 10:49:53,573 - PID:3555030 - INFO - Starting task: Scene 2, Tuning 'Occ_BaseEps_0p13...'
2025-06-16 10:49:53,674 - PID:3555033 - INFO - Finished task: Scene 2, Tuning 'Occ_BaseEps_0p07...'
2025-06-16 10:49:53,679 - PID:3555033 - WARNING - Worker profiling complete. Stats saved.
2025-06-16 10:49:53,683 - PID:3555031 - INFO - Finished task: Scene 1, Tuning 'Occ_BaseEps_0p13...'
2025-06-16 10:49:53,689 - PID:3555031 - WARNING - Worker profiling complete. Stats saved.
2025-06-16 10:49:53,690 - PID:3555027 - INFO - Finished task: Scene 2, Tuning 'ref_mccFwdDmin0p1...'
2025-06-16 10:49:53,704 - PID:3555033 - INFO - Starting task: Scene 1, Tuning 'AdapOcc_dthr3p0_kthr0p005_dmax...'
2025-06-16 10:49:53,716 - PID:3555027 - INFO - Starting task: Scene 1, Tuning 'AdapOcc_dthr3p0_kthr0p005_dmax...'
2025-06-16 10:49:53,719 - PID:3555031 - INFO - Starting task: Scene 2, Tuning 'AdapOcc_dthr3p0_kthr0p005_dmax...'
2025-06-16 10:50:05,418 - PID:3555032 - INFO - Finished task: Scene 2, Tuning 'AdapOcc_dthr3p0_kthr0p005_dmax...'
2025-06-16 10:50:05,595 - PID:3555030 - INFO - Finished task: Scene 2, Tuning 'Occ_BaseEps_0p13...'
2025-06-16 10:50:05,761 - PID:3555033 - INFO - Finished task: Scene 1, Tuning 'AdapOcc_dthr3p0_kthr0p005_dmax...'
2025-06-16 10:50:05,927 - PID:3555027 - INFO - Finished task: Scene 1, Tuning 'AdapOcc_dthr3p0_kthr0p005_dmax...'
2025-06-16 10:50:06,039 - PID:3555031 - INFO - Finished task: Scene 2, Tuning 'AdapOcc_dthr3p0_kthr0p005_dmax...'
2025-06-16 10:51:03,819 - PID:3563229 - INFO - SceneProcessorActor 3 (PID: 3563229) initialized on device: cuda:0
2025-06-16 10:51:03,882 - PID:3563216 - INFO - SceneProcessorActor 1 (PID: 3563216) initialized on device: cuda:0
2025-06-16 10:51:03,905 - PID:3563229 - WARNING - PROFILING WORKER 3. Saving to /home/drugge/Unsupervised-Moving-Point-Detection/m_detector_python/logs/worker_profile_3.prof
2025-06-16 10:51:03,906 - PID:3563216 - WARNING - PROFILING WORKER 1. Saving to /home/drugge/Unsupervised-Moving-Point-Detection/m_detector_python/logs/worker_profile_1.prof
2025-06-16 10:51:03,920 - PID:3563221 - INFO - SceneProcessorActor 2 (PID: 3563221) initialized on device: cuda:0
2025-06-16 10:51:03,942 - PID:3563229 - INFO - Starting task: Scene 2, Tuning 'Occ_BaseEps_0p07...'
2025-06-16 10:51:03,944 - PID:3563216 - INFO - Starting task: Scene 2, Tuning 'ref_mccFwdDmin0p1...'
2025-06-16 10:51:03,947 - PID:3563224 - INFO - SceneProcessorActor 0 (PID: 3563224) initialized on device: cuda:0
2025-06-16 10:51:03,952 - PID:3563221 - INFO - Starting task: Scene 1, Tuning 'Occ_BaseEps_0p07...'
2025-06-16 10:51:03,976 - PID:3563224 - INFO - Starting task: Scene 1, Tuning 'ref_mccFwdDmin0p1...'
2025-06-16 10:51:04,027 - PID:3563207 - INFO - SceneProcessorActor 4 (PID: 3563207) initialized on device: cuda:0
2025-06-16 10:51:04,059 - PID:3563207 - INFO - Starting task: Scene 1, Tuning 'Occ_BaseEps_0p13...'
2025-06-16 10:51:07,683 - PID:3563207 - ERROR - WORKER FAILED on Scene 1, Tuning 'Occ_BaseEps_0p13...'. Error: 'mdet_dynamic_label_value'
2025-06-16 10:51:07,714 - PID:3563207 - INFO - Starting task: Scene 2, Tuning 'AdapOcc_dthr3p0_kthr0p005_dmax...'
2025-06-16 10:51:08,120 - PID:3563221 - ERROR - WORKER FAILED on Scene 1, Tuning 'Occ_BaseEps_0p07...'. Error: 'mdet_dynamic_label_value'
2025-06-16 10:51:08,127 - PID:3563207 - ERROR - WORKER FAILED on Scene 2, Tuning 'AdapOcc_dthr3p0_kthr0p005_dmax...'. Error: 'mdet_dynamic_label_value'
2025-06-16 10:51:08,153 - PID:3563221 - INFO - Starting task: Scene 2, Tuning 'AdapOcc_dthr3p0_kthr0p005_dmax...'
2025-06-16 10:51:08,163 - PID:3563216 - ERROR - WORKER FAILED on Scene 2, Tuning 'ref_mccFwdDmin0p1...'. Error: 'mdet_dynamic_label_value'
2025-06-16 10:51:08,168 - PID:3563229 - ERROR - WORKER FAILED on Scene 2, Tuning 'Occ_BaseEps_0p07...'. Error: 'mdet_dynamic_label_value'
2025-06-16 10:51:08,172 - PID:3563216 - WARNING - Worker profiling complete. Stats saved.
2025-06-16 10:51:08,176 - PID:3563229 - WARNING - Worker profiling complete. Stats saved.
2025-06-16 10:51:08,181 - PID:3563224 - ERROR - WORKER FAILED on Scene 1, Tuning 'ref_mccFwdDmin0p1...'. Error: 'mdet_dynamic_label_value'
2025-06-16 10:51:08,197 - PID:3563229 - INFO - Starting task: Scene 1, Tuning 'AdapOcc_dthr3p0_kthr0p005_dmax...'
2025-06-16 10:51:08,202 - PID:3563216 - INFO - Starting task: Scene 1, Tuning 'AdapOcc_dthr3p0_kthr0p005_dmax...'
2025-06-16 10:51:08,214 - PID:3563224 - INFO - Starting task: Scene 2, Tuning 'Occ_BaseEps_0p13...'
2025-06-16 10:51:08,483 - PID:3563221 - ERROR - WORKER FAILED on Scene 2, Tuning 'AdapOcc_dthr3p0_kthr0p005_dmax...'. Error: 'mdet_dynamic_label_value'
2025-06-16 10:51:08,746 - PID:3563229 - ERROR - WORKER FAILED on Scene 1, Tuning 'AdapOcc_dthr3p0_kthr0p005_dmax...'. Error: 'mdet_dynamic_label_value'
2025-06-16 10:51:08,782 - PID:3563216 - ERROR - WORKER FAILED on Scene 1, Tuning 'AdapOcc_dthr3p0_kthr0p005_dmax...'. Error: 'mdet_dynamic_label_value'
2025-06-16 10:51:08,809 - PID:3563224 - ERROR - WORKER FAILED on Scene 2, Tuning 'Occ_BaseEps_0p13...'. Error: 'mdet_dynamic_label_value'
2025-06-16 10:52:19,097 - PID:3570051 - INFO - SceneProcessorActor 1 (PID: 3570051) initialized on device: cuda:0
2025-06-16 10:52:19,242 - PID:3570051 - WARNING - PROFILING WORKER 1. Saving to /home/drugge/Unsupervised-Moving-Point-Detection/m_detector_python/logs/worker_profile_1.prof
2025-06-16 10:52:19,276 - PID:3570059 - INFO - SceneProcessorActor 3 (PID: 3570059) initialized on device: cuda:0
2025-06-16 10:52:19,279 - PID:3570051 - INFO - Starting task: Scene 2, Tuning 'ref_mccFwdDmin0p1...'
2025-06-16 10:52:19,304 - PID:3570059 - INFO - Starting task: Scene 2, Tuning 'Occ_BaseEps_0p07...'
2025-06-16 10:52:19,362 - PID:3570060 - INFO - SceneProcessorActor 2 (PID: 3570060) initialized on device: cuda:0
2025-06-16 10:52:19,369 - PID:3570055 - INFO - SceneProcessorActor 4 (PID: 3570055) initialized on device: cuda:0
2025-06-16 10:52:19,388 - PID:3570057 - INFO - SceneProcessorActor 0 (PID: 3570057) initialized on device: cuda:0
2025-06-16 10:52:19,391 - PID:3570060 - INFO - Starting task: Scene 1, Tuning 'Occ_BaseEps_0p07...'
2025-06-16 10:52:19,398 - PID:3570055 - INFO - Starting task: Scene 1, Tuning 'Occ_BaseEps_0p13...'
2025-06-16 10:52:19,418 - PID:3570057 - INFO - Starting task: Scene 1, Tuning 'ref_mccFwdDmin0p1...'
2025-06-16 10:52:34,523 - PID:3570055 - INFO - Finished task: Scene 1, Tuning 'Occ_BaseEps_0p13...'
2025-06-16 10:52:34,551 - PID:3570055 - INFO - Starting task: Scene 2, Tuning 'AdapOcc_dthr3p0_kthr0p005_dmax...'
2025-06-16 10:52:34,936 - PID:3570059 - INFO - Finished task: Scene 2, Tuning 'Occ_BaseEps_0p07...'
2025-06-16 10:52:34,961 - PID:3570059 - INFO - Starting task: Scene 1, Tuning 'AdapOcc_dthr3p0_kthr0p005_dmax...'
2025-06-16 10:52:35,579 - PID:3570060 - INFO - Finished task: Scene 1, Tuning 'Occ_BaseEps_0p07...'
2025-06-16 10:52:35,605 - PID:3570060 - INFO - Starting task: Scene 2, Tuning 'AdapOcc_dthr3p0_kthr0p005_dmax...'
2025-06-16 10:52:35,637 - PID:3570057 - INFO - Finished task: Scene 1, Tuning 'ref_mccFwdDmin0p1...'
2025-06-16 10:52:35,662 - PID:3570057 - INFO - Starting task: Scene 2, Tuning 'Occ_BaseEps_0p13...'
2025-06-16 10:52:35,701 - PID:3570051 - INFO - Finished task: Scene 2, Tuning 'ref_mccFwdDmin0p1...'
2025-06-16 10:52:35,706 - PID:3570051 - WARNING - Worker profiling complete. Stats saved.
2025-06-16 10:52:35,729 - PID:3570051 - INFO - Starting task: Scene 1, Tuning 'AdapOcc_dthr3p0_kthr0p005_dmax...'
2025-06-16 10:52:46,499 - PID:3570055 - INFO - Finished task: Scene 2, Tuning 'AdapOcc_dthr3p0_kthr0p005_dmax...'
2025-06-16 10:52:46,858 - PID:3570059 - INFO - Finished task: Scene 1, Tuning 'AdapOcc_dthr3p0_kthr0p005_dmax...'
2025-06-16 10:52:47,388 - PID:3570060 - INFO - Finished task: Scene 2, Tuning 'AdapOcc_dthr3p0_kthr0p005_dmax...'
2025-06-16 10:52:47,518 - PID:3570057 - INFO - Finished task: Scene 2, Tuning 'Occ_BaseEps_0p13...'
2025-06-16 10:52:47,736 - PID:3570051 - INFO - Finished task: Scene 1, Tuning 'AdapOcc_dthr3p0_kthr0p005_dmax...'
2025-06-16 10:55:15,639 - PID:3579628 - INFO - SceneProcessorActor 2 (PID: 3579628) initialized on device: cuda:0
2025-06-16 10:55:15,683 - PID:3579626 - INFO - SceneProcessorActor 4 (PID: 3579626) initialized on device: cuda:0
2025-06-16 10:55:15,687 - PID:3579624 - INFO - SceneProcessorActor 0 (PID: 3579624) initialized on device: cuda:0
2025-06-16 10:55:15,741 - PID:3579628 - WARNING - PROFILING WORKER 2. Saving to /home/drugge/Unsupervised-Moving-Point-Detection/m_detector_python/logs/worker_profile_2.prof
2025-06-16 10:55:15,742 - PID:3579626 - WARNING - PROFILING WORKER 4. Saving to /home/drugge/Unsupervised-Moving-Point-Detection/m_detector_python/logs/worker_profile_4.prof
2025-06-16 10:55:15,742 - PID:3579624 - WARNING - PROFILING WORKER 0. Saving to /home/drugge/Unsupervised-Moving-Point-Detection/m_detector_python/logs/worker_profile_0.prof
2025-06-16 10:55:15,746 - PID:3579629 - INFO - SceneProcessorActor 1 (PID: 3579629) initialized on device: cuda:0
2025-06-16 10:55:15,762 - PID:3579623 - INFO - SceneProcessorActor 3 (PID: 3579623) initialized on device: cuda:0
2025-06-16 10:55:15,775 - PID:3579629 - INFO - Starting task: Scene 2, Tuning 'ref_mccFwdDmin0p1...'
2025-06-16 10:55:15,779 - PID:3579628 - INFO - Starting task: Scene 1, Tuning 'Occ_BaseEps_0p07...'
2025-06-16 10:55:15,783 - PID:3579626 - INFO - Starting task: Scene 1, Tuning 'Occ_BaseEps_0p13...'
2025-06-16 10:55:15,788 - PID:3579624 - INFO - Starting task: Scene 1, Tuning 'ref_mccFwdDmin0p1...'
2025-06-16 10:55:15,789 - PID:3579623 - INFO - Starting task: Scene 2, Tuning 'Occ_BaseEps_0p07...'
2025-06-16 10:55:30,284 - PID:3579624 - INFO - Finished task: Scene 1, Tuning 'ref_mccFwdDmin0p1...'
2025-06-16 10:55:30,289 - PID:3579624 - WARNING - Worker profiling complete. Stats saved.
2025-06-16 10:55:30,315 - PID:3579624 - INFO - Starting task: Scene 2, Tuning 'Occ_BaseEps_0p13...'
2025-06-16 10:55:31,528 - PID:3579623 - INFO - Finished task: Scene 2, Tuning 'Occ_BaseEps_0p07...'
2025-06-16 10:55:31,560 - PID:3579623 - INFO - Starting task: Scene 1, Tuning 'AdapOcc_dthr3p0_kthr0p005_dmax...'
2025-06-16 10:55:31,596 - PID:3579628 - INFO - Finished task: Scene 1, Tuning 'Occ_BaseEps_0p07...'
2025-06-16 10:55:31,602 - PID:3579628 - WARNING - Worker profiling complete. Stats saved.
2025-06-16 10:55:31,616 - PID:3579629 - INFO - Finished task: Scene 2, Tuning 'ref_mccFwdDmin0p1...'
2025-06-16 10:55:31,621 - PID:3579626 - INFO - Finished task: Scene 1, Tuning 'Occ_BaseEps_0p13...'
2025-06-16 10:55:31,626 - PID:3579628 - INFO - Starting task: Scene 2, Tuning 'AdapOcc_dthr3p0_kthr0p005_dmax...'
2025-06-16 10:55:31,627 - PID:3579626 - WARNING - Worker profiling complete. Stats saved.
2025-06-16 10:55:31,642 - PID:3579629 - INFO - Starting task: Scene 1, Tuning 'AdapOcc_dthr3p0_kthr0p005_dmax...'
2025-06-16 10:55:31,651 - PID:3579626 - INFO - Starting task: Scene 2, Tuning 'AdapOcc_dthr3p0_kthr0p005_dmax...'
2025-06-16 10:55:41,784 - PID:3579624 - INFO - Finished task: Scene 2, Tuning 'Occ_BaseEps_0p13...'
2025-06-16 10:55:43,208 - PID:3579623 - INFO - Finished task: Scene 1, Tuning 'AdapOcc_dthr3p0_kthr0p005_dmax...'
2025-06-16 10:55:43,518 - PID:3579626 - INFO - Finished task: Scene 2, Tuning 'AdapOcc_dthr3p0_kthr0p005_dmax...'
2025-06-16 10:55:43,539 - PID:3579629 - INFO - Finished task: Scene 1, Tuning 'AdapOcc_dthr3p0_kthr0p005_dmax...'
2025-06-16 10:55:43,603 - PID:3579628 - INFO - Finished task: Scene 2, Tuning 'AdapOcc_dthr3p0_kthr0p005_dmax...'
2025-06-17 06:16:23,412 - PID:4150663 - INFO - SceneProcessorActor 4 (PID: 4150663) initialized on device: cuda:0
2025-06-17 06:16:23,470 - PID:4150666 - INFO - SceneProcessorActor 5 (PID: 4150666) initialized on device: cuda:0
2025-06-17 06:16:23,512 - PID:4150659 - INFO - SceneProcessorActor 0 (PID: 4150659) initialized on device: cuda:0
2025-06-17 06:16:23,549 - PID:4150662 - INFO - SceneProcessorActor 3 (PID: 4150662) initialized on device: cuda:0
2025-06-17 06:16:23,573 - PID:4150710 - INFO - SceneProcessorActor 6 (PID: 4150710) initialized on device: cuda:0
2025-06-17 06:16:23,583 - PID:4150664 - INFO - SceneProcessorActor 2 (PID: 4150664) initialized on device: cuda:0
2025-06-17 06:16:23,587 - PID:4150665 - INFO - SceneProcessorActor 7 (PID: 4150665) initialized on device: cuda:0
2025-06-17 06:16:23,617 - PID:4150667 - INFO - SceneProcessorActor 1 (PID: 4150667) initialized on device: cuda:0
2025-06-17 06:16:23,742 - PID:4150659 - WARNING - PROFILING WORKER 0. Saving to /home/drugge/Unsupervised-Moving-Point-Detection/m_detector_python/logs/worker_profile_0.prof
2025-06-17 06:16:23,782 - PID:4150659 - INFO - Starting task: Scene 1, Tuning 'static_validation_run...'
2025-06-17 06:16:52,317 - PID:4150659 - INFO - Finished task: Scene 1, Tuning 'static_validation_run...'
2025-06-17 06:16:52,322 - PID:4150659 - WARNING - Worker profiling complete. Stats saved.
2025-06-17 07:03:32,101 - PID:4180541 - INFO - SceneProcessorActor 4 (PID: 4180541) initialized on device: cuda:0
2025-06-17 07:03:32,135 - PID:4180539 - INFO - SceneProcessorActor 1 (PID: 4180539) initialized on device: cuda:0
2025-06-17 07:03:32,172 - PID:4180542 - INFO - SceneProcessorActor 6 (PID: 4180542) initialized on device: cuda:0
2025-06-17 07:03:32,194 - PID:4180546 - INFO - SceneProcessorActor 7 (PID: 4180546) initialized on device: cuda:0
2025-06-17 07:03:32,210 - PID:4180538 - INFO - SceneProcessorActor 2 (PID: 4180538) initialized on device: cuda:0
2025-06-17 07:03:32,225 - PID:4180536 - INFO - SceneProcessorActor 0 (PID: 4180536) initialized on device: cuda:0
2025-06-17 07:03:32,236 - PID:4180544 - INFO - SceneProcessorActor 3 (PID: 4180544) initialized on device: cuda:0
2025-06-17 07:03:32,253 - PID:4180545 - INFO - SceneProcessorActor 5 (PID: 4180545) initialized on device: cuda:0
2025-06-17 07:03:32,427 - PID:4180536 - WARNING - PROFILING WORKER 0. Saving to /home/drugge/Unsupervised-Moving-Point-Detection/m_detector_python/logs/worker_profile_0.prof
2025-06-17 07:03:32,470 - PID:4180536 - INFO - Starting task: Scene 1, Tuning 'static_validation_run...'
2025-06-17 07:04:07,967 - PID:4180536 - INFO - Finished task: Scene 1, Tuning 'static_validation_run...'
2025-06-17 07:04:07,978 - PID:4180536 - WARNING - Worker profiling complete. Stats saved.
